Arguments: 
  /usr/local/Cellar/node/10.9.0/bin/node /usr/local/Cellar/yarn/1.9.4/libexec/bin/yarn.js

PATH: 
  /usr/local/bin:/usr/bin:/bin:/usr/sbin:/sbin:/Users/creative/Library/Android/sdk/emulator:/Users/creative/Library/Android/sdk/tools:/Users/creative/Library/Android/sdk/tools/bin:/Users/creative/Library/Android/sdk/platform-tools:/Applications/Visual Studio Code.app/Contents/Resources/app/bin

Yarn version: 
  1.9.4

Node version: 
  10.9.0

Platform: 
  darwin x64

Trace: 
  Error: https://registry.yarnpkg.com/@adonisjs%2face: ETIMEDOUT
      at Timeout._onTimeout (/usr/local/Cellar/yarn/1.9.4/libexec/lib/cli.js:138128:19)
      at ontimeout (timers.js:424:11)
      at tryOnTimeout (timers.js:288:5)
      at listOnTimeout (timers.js:251:5)
      at Timer.processTimers (timers.js:211:10)

npm manifest: 
  {
    "name": "adonis-api-app",
    "version": "4.1.0",
    "adonis-version": "4.1.0",
    "description": "Adonisjs boilerplate for API server with pre-configured JWT",
    "main": "index.js",
    "scripts": {
      "start": "node server.js",
      "test": "node ace test"
    },
    "keywords": [
      "adonisjs",
      "adonis-app"
    ],
    "author": "",
    "license": "UNLICENSED",
    "private": true,
    "dependencies": {
      "@adonisjs/ace": "^5.0.8",
      "@adonisjs/auth": "^3.0.7",
      "@adonisjs/bodyparser": "^2.0.5",
      "@adonisjs/cors": "^1.0.7",
      "@adonisjs/fold": "^4.0.9",
      "@adonisjs/framework": "^5.0.9",
      "@adonisjs/ignitor": "^2.0.8",
      "@adonisjs/lucid": "^6.1.3"
    },
    "devDependencies": {},
    "autoload": {
      "App": "./app"
    }
  }

yarn manifest: 
  No manifest

Lockfile: 
  No lockfile
